# JRE version: OpenJDK Runtime Environment Corretto-17.0.8.8.1 (17.0.8.1+8) (build 17.0.8.1+8-LTS)
# Java VM: OpenJDK 64-Bit Server VM Corretto-17.0.8.8.1 (17.0.8.1+8-LTS, mixed mode, emulated-client, sharing, tiered, compressed oops, compressed class ptrs, g1 gc, linux-amd64)
GC Precious Log:
 CPUs: 12 total, 12 available
 Memory: 15711M
 Large Page Support: Disabled
 NUMA Support: Disabled
 Compressed Oops: Enabled (Zero based)
 Heap Region Size: 2M
 Heap Min Capacity: 8M
 Heap Initial Capacity: 246M
 Heap Max Capacity: 3928M
 Pre-touch: Disabled
 Parallel Workers: 10
 Concurrent Workers: 3
 Concurrent Refinement Workers: 10
 Periodic GC: Disabled
Heap:
 garbage-first heap   total 157696K, used 42818K [0x000000070a800000, 0x0000000800000000)
  region size 2048K, 15 young (30720K), 1 survivors (2048K)
 Metaspace       used 32255K, committed 32768K, reserved 1114112K
  class space    used 4358K, committed 4608K, reserved 1048576K
GC Heap History (12 events):
Event: 0,254 GC heap before
{Heap before GC invocations=0 (full 0):
 garbage-first heap   total 256000K, used 24552K [0x000000070a800000, 0x0000000800000000)
  region size 2048K, 11 young (22528K), 0 survivors (0K)
 Metaspace       used 7851K, committed 8128K, reserved 1114112K
  class space    used 1010K, committed 1152K, reserved 1048576K
}
Event: 0,256 GC heap after
{Heap after GC invocations=1 (full 0):
 garbage-first heap   total 256000K, used 7126K [0x000000070a800000, 0x0000000800000000)
  region size 2048K, 2 young (4096K), 2 survivors (4096K)
 Metaspace       used 7851K, committed 8128K, reserved 1114112K
  class space    used 1010K, committed 1152K, reserved 1048576K
}
Event: 0,459 GC heap before
{Heap before GC invocations=1 (full 0):
 garbage-first heap   total 256000K, used 35798K [0x000000070a800000, 0x0000000800000000)
  region size 2048K, 16 young (32768K), 2 survivors (4096K)
 Metaspace       used 14247K, committed 14464K, reserved 1114112K
  class space    used 1879K, committed 1984K, reserved 1048576K
}
Event: 0,461 GC heap after
{Heap after GC invocations=2 (full 0):
 garbage-first heap   total 256000K, used 9587K [0x000000070a800000, 0x0000000800000000)
  region size 2048K, 2 young (4096K), 2 survivors (4096K)
 Metaspace       used 14247K, committed 14464K, reserved 1114112K
  class space    used 1879K, committed 1984K, reserved 1048576K
}
Event: 0,716 GC heap before
{Heap before GC invocations=2 (full 0):
 garbage-first heap   total 256000K, used 54643K [0x000000070a800000, 0x0000000800000000)
  region size 2048K, 25 young (51200K), 2 survivors (4096K)
 Metaspace       used 21146K, committed 21504K, reserved 1114112K
  class space    used 2903K, committed 3072K, reserved 1048576K
}
Event: 0,719 GC heap after
{Heap after GC invocations=3 (full 0):
 garbage-first heap   total 256000K, used 12409K [0x000000070a800000, 0x0000000800000000)
  region size 2048K, 3 young (6144K), 3 survivors (6144K)
 Metaspace       used 21146K, committed 21504K, reserved 1114112K
  class space    used 2903K, committed 3072K, reserved 1048576K
}
Event: 0,959 GC heap before
{Heap before GC invocations=4 (full 0):
 garbage-first heap   total 61440K, used 43129K [0x000000070a800000, 0x0000000800000000)
  region size 2048K, 19 young (38912K), 3 survivors (6144K)
 Metaspace       used 26592K, committed 27008K, reserved 1114112K
  class space    used 3655K, committed 3840K, reserved 1048576K
}
Event: 0,962 GC heap after
{Heap after GC invocations=5 (full 0):
 garbage-first heap   total 61440K, used 15299K [0x000000070a800000, 0x0000000800000000)
  region size 2048K, 4 young (8192K), 4 survivors (8192K)
 Metaspace       used 26592K, committed 27008K, reserved 1114112K
  class space    used 3655K, committed 3840K, reserved 1048576K
}
Event: 0,978 GC heap before
{Heap before GC invocations=5 (full 0):
 garbage-first heap   total 61440K, used 15299K [0x000000070a800000, 0x0000000800000000)
  region size 2048K, 5 young (10240K), 4 survivors (8192K)
 Metaspace       used 26717K, committed 27136K, reserved 1114112K
  class space    used 3682K, committed 3840K, reserved 1048576K
}
Event: 0,981 GC heap after
{Heap after GC invocations=6 (full 0):
 garbage-first heap   total 61440K, used 16149K [0x000000070a800000, 0x0000000800000000)
  region size 2048K, 1 young (2048K), 1 survivors (2048K)
 Metaspace       used 26717K, committed 27136K, reserved 1114112K
  class space    used 3682K, committed 3840K, reserved 1048576K
}
Event: 200,080 GC heap before
{Heap before GC invocations=6 (full 0):
 garbage-first heap   total 61440K, used 38677K [0x000000070a800000, 0x0000000800000000)
  region size 2048K, 12 young (24576K), 1 survivors (2048K)
 Metaspace       used 28436K, committed 28992K, reserved 1114112K
  class space    used 3926K, committed 4160K, reserved 1048576K
}
Event: 200,081 GC heap after
{Heap after GC invocations=7 (full 0):
 garbage-first heap   total 157696K, used 16194K [0x000000070a800000, 0x0000000800000000)
  region size 2048K, 1 young (2048K), 1 survivors (2048K)
 Metaspace       used 28436K, committed 28992K, reserved 1114112K
  class space    used 3926K, committed 4160K, reserved 1048576K
}

