# JRE version: OpenJDK Runtime Environment Corretto-17.0.8.8.1 (17.0.8.1+8) (build 17.0.8.1+8-LTS)
# Java VM: OpenJDK 64-Bit Server VM Corretto-17.0.8.8.1 (17.0.8.1+8-LTS, mixed mode, emulated-client, sharing, tiered, compressed oops, compressed class ptrs, g1 gc, linux-amd64)
GC Precious Log:
 CPUs: 12 total, 12 available
 Memory: 15711M
 Large Page Support: Disabled
 NUMA Support: Disabled
 Compressed Oops: Enabled (Zero based)
 Heap Region Size: 2M
 Heap Min Capacity: 8M
 Heap Initial Capacity: 246M
 Heap Max Capacity: 3928M
 Pre-touch: Disabled
 Parallel Workers: 10
 Concurrent Workers: 3
 Concurrent Refinement Workers: 10
 Periodic GC: Disabled
Heap:
 garbage-first heap   total 157696K, used 16665K [0x000000070a800000, 0x0000000800000000)
  region size 2048K, 2 young (4096K), 1 survivors (2048K)
 Metaspace       used 32251K, committed 32768K, reserved 1114112K
  class space    used 4360K, committed 4608K, reserved 1048576K
GC Heap History (12 events):
Event: 0,276 GC heap before
{Heap before GC invocations=0 (full 0):
 garbage-first heap   total 256000K, used 24552K [0x000000070a800000, 0x0000000800000000)
  region size 2048K, 11 young (22528K), 0 survivors (0K)
 Metaspace       used 7804K, committed 8064K, reserved 1114112K
  class space    used 1006K, committed 1152K, reserved 1048576K
}
Event: 0,278 GC heap after
{Heap after GC invocations=1 (full 0):
 garbage-first heap   total 256000K, used 7131K [0x000000070a800000, 0x0000000800000000)
  region size 2048K, 2 young (4096K), 2 survivors (4096K)
 Metaspace       used 7804K, committed 8064K, reserved 1114112K
  class space    used 1006K, committed 1152K, reserved 1048576K
}
Event: 0,471 GC heap before
{Heap before GC invocations=1 (full 0):
 garbage-first heap   total 256000K, used 33755K [0x000000070a800000, 0x0000000800000000)
  region size 2048K, 16 young (32768K), 2 survivors (4096K)
 Metaspace       used 14123K, committed 14400K, reserved 1114112K
  class space    used 1871K, committed 1984K, reserved 1048576K
}
Event: 0,474 GC heap after
{Heap after GC invocations=2 (full 0):
 garbage-first heap   total 256000K, used 9492K [0x000000070a800000, 0x0000000800000000)
  region size 2048K, 2 young (4096K), 2 survivors (4096K)
 Metaspace       used 14123K, committed 14400K, reserved 1114112K
  class space    used 1871K, committed 1984K, reserved 1048576K
}
Event: 0,741 GC heap before
{Heap before GC invocations=2 (full 0):
 garbage-first heap   total 256000K, used 54548K [0x000000070a800000, 0x0000000800000000)
  region size 2048K, 25 young (51200K), 2 survivors (4096K)
 Metaspace       used 21100K, committed 21504K, reserved 1114112K
  class space    used 2895K, committed 3136K, reserved 1048576K
}
Event: 0,744 GC heap after
{Heap after GC invocations=3 (full 0):
 garbage-first heap   total 256000K, used 12246K [0x000000070a800000, 0x0000000800000000)
  region size 2048K, 3 young (6144K), 3 survivors (6144K)
 Metaspace       used 21100K, committed 21504K, reserved 1114112K
  class space    used 2895K, committed 3136K, reserved 1048576K
}
Event: 0,989 GC heap before
{Heap before GC invocations=4 (full 0):
 garbage-first heap   total 61440K, used 42966K [0x000000070a800000, 0x0000000800000000)
  region size 2048K, 19 young (38912K), 3 survivors (6144K)
 Metaspace       used 26494K, committed 26944K, reserved 1114112K
  class space    used 3644K, committed 3840K, reserved 1048576K
}
Event: 0,992 GC heap after
{Heap after GC invocations=5 (full 0):
 garbage-first heap   total 61440K, used 15280K [0x000000070a800000, 0x0000000800000000)
  region size 2048K, 4 young (8192K), 4 survivors (8192K)
 Metaspace       used 26494K, committed 26944K, reserved 1114112K
  class space    used 3644K, committed 3840K, reserved 1048576K
}
Event: 1,009 GC heap before
{Heap before GC invocations=5 (full 0):
 garbage-first heap   total 61440K, used 17328K [0x000000070a800000, 0x0000000800000000)
  region size 2048K, 5 young (10240K), 4 survivors (8192K)
 Metaspace       used 26650K, committed 27072K, reserved 1114112K
  class space    used 3668K, committed 3840K, reserved 1048576K
}
Event: 1,012 GC heap after
{Heap after GC invocations=6 (full 0):
 garbage-first heap   total 61440K, used 16065K [0x000000070a800000, 0x0000000800000000)
  region size 2048K, 1 young (2048K), 1 survivors (2048K)
 Metaspace       used 26650K, committed 27072K, reserved 1114112K
  class space    used 3668K, committed 3840K, reserved 1048576K
}
Event: 10,330 GC heap before
{Heap before GC invocations=6 (full 0):
 garbage-first heap   total 61440K, used 38593K [0x000000070a800000, 0x0000000800000000)
  region size 2048K, 13 young (26624K), 1 survivors (2048K)
 Metaspace       used 31755K, committed 32256K, reserved 1114112K
  class space    used 4304K, committed 4544K, reserved 1048576K
}
Event: 10,332 GC heap after
{Heap after GC invocations=7 (full 0):
 garbage-first heap   total 157696K, used 16665K [0x000000070a800000, 0x0000000800000000)
  region size 2048K, 1 young (2048K), 1 survivors (2048K)
 Metaspace       used 31755K, committed 32256K, reserved 1114112K
  class space    used 4304K, committed 4544K, reserved 1048576K
}

