# JRE version: OpenJDK Runtime Environment Corretto-17.0.8.8.1 (17.0.8.1+8) (build 17.0.8.1+8-LTS)
# Java VM: OpenJDK 64-Bit Server VM Corretto-17.0.8.8.1 (17.0.8.1+8-LTS, mixed mode, emulated-client, sharing, tiered, compressed oops, compressed class ptrs, g1 gc, linux-amd64)
GC Precious Log:
 CPUs: 12 total, 12 available
 Memory: 15711M
 Large Page Support: Disabled
 NUMA Support: Disabled
 Compressed Oops: Enabled (Zero based)
 Heap Region Size: 2M
 Heap Min Capacity: 8M
 Heap Initial Capacity: 246M
 Heap Max Capacity: 3928M
 Pre-touch: Disabled
 Parallel Workers: 10
 Concurrent Workers: 3
 Concurrent Refinement Workers: 10
 Periodic GC: Disabled
Heap:
 garbage-first heap   total 157696K, used 18969K [0x000000070a800000, 0x0000000800000000)
  region size 2048K, 4 young (8192K), 2 survivors (4096K)
 Metaspace       used 32256K, committed 32832K, reserved 1114112K
  class space    used 4359K, committed 4608K, reserved 1048576K
GC Heap History (12 events):
Event: 0,260 GC heap before
{Heap before GC invocations=0 (full 0):
 garbage-first heap   total 256000K, used 24552K [0x000000070a800000, 0x0000000800000000)
  region size 2048K, 11 young (22528K), 0 survivors (0K)
 Metaspace       used 7965K, committed 8256K, reserved 1114112K
  class space    used 1023K, committed 1152K, reserved 1048576K
}
Event: 0,262 GC heap after
{Heap after GC invocations=1 (full 0):
 garbage-first heap   total 256000K, used 7139K [0x000000070a800000, 0x0000000800000000)
  region size 2048K, 2 young (4096K), 2 survivors (4096K)
 Metaspace       used 7965K, committed 8256K, reserved 1114112K
  class space    used 1023K, committed 1152K, reserved 1048576K
}
Event: 0,438 GC heap before
{Heap before GC invocations=1 (full 0):
 garbage-first heap   total 256000K, used 35811K [0x000000070a800000, 0x0000000800000000)
  region size 2048K, 16 young (32768K), 2 survivors (4096K)
 Metaspace       used 14052K, committed 14272K, reserved 1114112K
  class space    used 1875K, committed 1984K, reserved 1048576K
}
Event: 0,440 GC heap after
{Heap after GC invocations=2 (full 0):
 garbage-first heap   total 256000K, used 9647K [0x000000070a800000, 0x0000000800000000)
  region size 2048K, 2 young (4096K), 2 survivors (4096K)
 Metaspace       used 14052K, committed 14272K, reserved 1114112K
  class space    used 1875K, committed 1984K, reserved 1048576K
}
Event: 0,693 GC heap before
{Heap before GC invocations=2 (full 0):
 garbage-first heap   total 256000K, used 54703K [0x000000070a800000, 0x0000000800000000)
  region size 2048K, 25 young (51200K), 2 survivors (4096K)
 Metaspace       used 21147K, committed 21504K, reserved 1114112K
  class space    used 2904K, committed 3072K, reserved 1048576K
}
Event: 0,695 GC heap after
{Heap after GC invocations=3 (full 0):
 garbage-first heap   total 256000K, used 12432K [0x000000070a800000, 0x0000000800000000)
  region size 2048K, 3 young (6144K), 3 survivors (6144K)
 Metaspace       used 21147K, committed 21504K, reserved 1114112K
  class space    used 2904K, committed 3072K, reserved 1048576K
}
Event: 0,927 GC heap before
{Heap before GC invocations=4 (full 0):
 garbage-first heap   total 61440K, used 43152K [0x000000070a800000, 0x0000000800000000)
  region size 2048K, 19 young (38912K), 3 survivors (6144K)
 Metaspace       used 26585K, committed 27008K, reserved 1114112K
  class space    used 3655K, committed 3840K, reserved 1048576K
}
Event: 0,930 GC heap after
{Heap after GC invocations=5 (full 0):
 garbage-first heap   total 61440K, used 15232K [0x000000070a800000, 0x0000000800000000)
  region size 2048K, 4 young (8192K), 4 survivors (8192K)
 Metaspace       used 26585K, committed 27008K, reserved 1114112K
  class space    used 3655K, committed 3840K, reserved 1048576K
}
Event: 0,946 GC heap before
{Heap before GC invocations=5 (full 0):
 garbage-first heap   total 61440K, used 17280K [0x000000070a800000, 0x0000000800000000)
  region size 2048K, 5 young (10240K), 4 survivors (8192K)
 Metaspace       used 26711K, committed 27200K, reserved 1114112K
  class space    used 3681K, committed 3904K, reserved 1048576K
}
Event: 0,949 GC heap after
{Heap after GC invocations=6 (full 0):
 garbage-first heap   total 61440K, used 16215K [0x000000070a800000, 0x0000000800000000)
  region size 2048K, 1 young (2048K), 1 survivors (2048K)
 Metaspace       used 26711K, committed 27200K, reserved 1114112K
  class space    used 3681K, committed 3904K, reserved 1048576K
}
Event: 16,072 GC heap before
{Heap before GC invocations=6 (full 0):
 garbage-first heap   total 61440K, used 36695K [0x000000070a800000, 0x0000000800000000)
  region size 2048K, 12 young (24576K), 1 survivors (2048K)
 Metaspace       used 31749K, committed 32256K, reserved 1114112K
  class space    used 4301K, committed 4544K, reserved 1048576K
}
Event: 16,074 GC heap after
{Heap after GC invocations=7 (full 0):
 garbage-first heap   total 157696K, used 16921K [0x000000070a800000, 0x0000000800000000)
  region size 2048K, 2 young (4096K), 2 survivors (4096K)
 Metaspace       used 31749K, committed 32256K, reserved 1114112K
  class space    used 4301K, committed 4544K, reserved 1048576K
}

