# JRE version: OpenJDK Runtime Environment Corretto-17.0.8.8.1 (17.0.8.1+8) (build 17.0.8.1+8-LTS)
# Java VM: OpenJDK 64-Bit Server VM Corretto-17.0.8.8.1 (17.0.8.1+8-LTS, mixed mode, emulated-client, sharing, tiered, compressed oops, compressed class ptrs, g1 gc, linux-amd64)
GC Precious Log:
 CPUs: 12 total, 12 available
 Memory: 15711M
 Large Page Support: Disabled
 NUMA Support: Disabled
 Compressed Oops: Enabled (Zero based)
 Heap Region Size: 2M
 Heap Min Capacity: 8M
 Heap Initial Capacity: 246M
 Heap Max Capacity: 3928M
 Pre-touch: Disabled
 Parallel Workers: 10
 Concurrent Workers: 3
 Concurrent Refinement Workers: 10
 Periodic GC: Disabled
Heap:
 garbage-first heap   total 157696K, used 21052K [0x000000070a800000, 0x0000000800000000)
  region size 2048K, 4 young (8192K), 1 survivors (2048K)
 Metaspace       used 32287K, committed 32768K, reserved 1114112K
  class space    used 4363K, committed 4608K, reserved 1048576K
GC Heap History (12 events):
Event: 0,333 GC heap before
{Heap before GC invocations=0 (full 0):
 garbage-first heap   total 256000K, used 24552K [0x000000070a800000, 0x0000000800000000)
  region size 2048K, 11 young (22528K), 0 survivors (0K)
 Metaspace       used 8149K, committed 8384K, reserved 1114112K
  class space    used 1050K, committed 1152K, reserved 1048576K
}
Event: 0,335 GC heap after
{Heap after GC invocations=1 (full 0):
 garbage-first heap   total 256000K, used 7266K [0x000000070a800000, 0x0000000800000000)
  region size 2048K, 2 young (4096K), 2 survivors (4096K)
 Metaspace       used 8149K, committed 8384K, reserved 1114112K
  class space    used 1050K, committed 1152K, reserved 1048576K
}
Event: 0,513 GC heap before
{Heap before GC invocations=1 (full 0):
 garbage-first heap   total 256000K, used 33890K [0x000000070a800000, 0x0000000800000000)
  region size 2048K, 16 young (32768K), 2 survivors (4096K)
 Metaspace       used 14406K, committed 14656K, reserved 1114112K
  class space    used 1911K, committed 2048K, reserved 1048576K
}
Event: 0,515 GC heap after
{Heap after GC invocations=2 (full 0):
 garbage-first heap   total 256000K, used 9810K [0x000000070a800000, 0x0000000800000000)
  region size 2048K, 2 young (4096K), 2 survivors (4096K)
 Metaspace       used 14406K, committed 14656K, reserved 1114112K
  class space    used 1911K, committed 2048K, reserved 1048576K
}
Event: 0,762 GC heap before
{Heap before GC invocations=2 (full 0):
 garbage-first heap   total 256000K, used 52818K [0x000000070a800000, 0x0000000800000000)
  region size 2048K, 24 young (49152K), 2 survivors (4096K)
 Metaspace       used 21145K, committed 21504K, reserved 1114112K
  class space    used 2902K, committed 3072K, reserved 1048576K
}
Event: 0,764 GC heap after
{Heap after GC invocations=3 (full 0):
 garbage-first heap   total 256000K, used 12581K [0x000000070a800000, 0x0000000800000000)
  region size 2048K, 3 young (6144K), 3 survivors (6144K)
 Metaspace       used 21145K, committed 21504K, reserved 1114112K
  class space    used 2902K, committed 3072K, reserved 1048576K
}
Event: 1,009 GC heap before
{Heap before GC invocations=4 (full 0):
 garbage-first heap   total 61440K, used 43301K [0x000000070a800000, 0x0000000800000000)
  region size 2048K, 19 young (38912K), 3 survivors (6144K)
 Metaspace       used 26505K, committed 26944K, reserved 1114112K
  class space    used 3655K, committed 3840K, reserved 1048576K
}
Event: 1,012 GC heap after
{Heap after GC invocations=5 (full 0):
 garbage-first heap   total 61440K, used 15429K [0x000000070a800000, 0x0000000800000000)
  region size 2048K, 4 young (8192K), 4 survivors (8192K)
 Metaspace       used 26505K, committed 26944K, reserved 1114112K
  class space    used 3655K, committed 3840K, reserved 1048576K
}
Event: 1,025 GC heap before
{Heap before GC invocations=5 (full 0):
 garbage-first heap   total 61440K, used 17477K [0x000000070a800000, 0x0000000800000000)
  region size 2048K, 5 young (10240K), 4 survivors (8192K)
 Metaspace       used 26737K, committed 27200K, reserved 1114112K
  class space    used 3687K, committed 3904K, reserved 1048576K
}
Event: 1,028 GC heap after
{Heap after GC invocations=6 (full 0):
 garbage-first heap   total 61440K, used 16380K [0x000000070a800000, 0x0000000800000000)
  region size 2048K, 1 young (2048K), 1 survivors (2048K)
 Metaspace       used 26737K, committed 27200K, reserved 1114112K
  class space    used 3687K, committed 3904K, reserved 1048576K
}
Event: 27,248 GC heap before
{Heap before GC invocations=6 (full 0):
 garbage-first heap   total 61440K, used 38908K [0x000000070a800000, 0x0000000800000000)
  region size 2048K, 12 young (24576K), 1 survivors (2048K)
 Metaspace       used 31550K, committed 32064K, reserved 1114112K
  class space    used 4283K, committed 4544K, reserved 1048576K
}
Event: 27,250 GC heap after
{Heap after GC invocations=7 (full 0):
 garbage-first heap   total 157696K, used 16956K [0x000000070a800000, 0x0000000800000000)
  region size 2048K, 1 young (2048K), 1 survivors (2048K)
 Metaspace       used 31550K, committed 32064K, reserved 1114112K
  class space    used 4283K, committed 4544K, reserved 1048576K
}

